<?xml version="1.0" encoding="UTF-8"?>
<testng-results ignored="0" total="1" passed="1" failed="0" skipped="0">
  <reporter-output>
  </reporter-output>
  <suite started-at="2025-10-06T16:37:53 IST" name="Default suite" finished-at="2025-10-06T16:38:04 IST" duration-ms="11275">
    <groups>
    </groups>
    <test started-at="2025-10-06T16:37:53 IST" name="Default test" finished-at="2025-10-06T16:38:04 IST" duration-ms="11275">
      <class name="com.metrixhub.tests.AssetHierarchyTest">
        <test-method is-config="true" signature="setUp()[pri:0, instance:com.metrixhub.tests.AssetHierarchyTest@75db5df9]" started-at="2025-10-06T16:37:53 IST" name="setUp" finished-at="2025-10-06T16:37:59 IST" duration-ms="5770" status="PASS">
          <reporter-output>
          </reporter-output>
        </test-method> <!-- setUp -->
        <test-method signature="assetTest()[pri:0, instance:com.metrixhub.tests.AssetHierarchyTest@75db5df9]" started-at="2025-10-06T16:37:59 IST" name="assetTest" finished-at="2025-10-06T16:38:04 IST" duration-ms="4987" status="PASS">
          <reporter-output>
          </reporter-output>
        </test-method> <!-- assetTest -->
        <test-method is-config="true" signature="tearDown()[pri:0, instance:com.metrixhub.tests.AssetHierarchyTest@75db5df9]" started-at="2025-10-06T16:38:04 IST" name="tearDown" finished-at="2025-10-06T16:38:04 IST" duration-ms="468" status="PASS">
          <reporter-output>
          </reporter-output>
        </test-method> <!-- tearDown -->
      </class> <!-- com.metrixhub.tests.AssetHierarchyTest -->
    </test> <!-- Default test -->
  </suite> <!-- Default suite -->
</testng-results>
